# JRE version: OpenJDK Runtime Environment (11.0.2+9) (build 11.0.2+9)
# Java VM: OpenJDK 64-Bit Server VM (11.0.2+9, mixed mode, tiered, compressed oops, g1 gc, windows-amd64)
Heap:
 garbage-first heap   total 209920K, used 136457K [0x0000000740000000, 0x0000000800000000)
  region size 1024K, 16 young (16384K), 0 survivors (0K)
 Metaspace       used 99664K, capacity 102126K, committed 102280K, reserved 1136640K
  class space    used 13992K, capacity 15135K, committed 15232K, reserved 1048576K
GC Heap History (10 events):
Event: 193.573 GC heap before
{Heap before GC invocations=68 (full 4):
 garbage-first heap   total 196608K, used 181121K [0x0000000740000000, 0x0000000800000000)
  region size 1024K, 60 young (61440K), 6 survivors (6144K)
 Metaspace       used 99166K, capacity 101675K, committed 102024K, reserved 1136640K
  class space    used 13961K, capacity 15116K, committed 15232K, reserved 1048576K
}
Event: 193.577 GC heap after
{Heap after GC invocations=69 (full 4):
 garbage-first heap   total 196608K, used 124594K [0x0000000740000000, 0x0000000800000000)
  region size 1024K, 3 young (3072K), 3 survivors (3072K)
 Metaspace       used 99166K, capacity 101675K, committed 102024K, reserved 1136640K
  class space    used 13961K, capacity 15116K, committed 15232K, reserved 1048576K
}
Event: 195.174 GC heap before
{Heap before GC invocations=70 (full 4):
 garbage-first heap   total 196608K, used 182962K [0x0000000740000000, 0x0000000800000000)
  region size 1024K, 60 young (61440K), 3 survivors (3072K)
 Metaspace       used 99295K, capacity 101853K, committed 102024K, reserved 1136640K
  class space    used 13971K, capacity 15132K, committed 15232K, reserved 1048576K
}
Event: 195.176 GC heap after
{Heap after GC invocations=71 (full 4):
 garbage-first heap   total 196608K, used 125622K [0x0000000740000000, 0x0000000800000000)
  region size 1024K, 4 young (4096K), 4 survivors (4096K)
 Metaspace       used 99295K, capacity 101853K, committed 102024K, reserved 1136640K
  class space    used 13971K, capacity 15132K, committed 15232K, reserved 1048576K
}
Event: 195.610 GC heap before
{Heap before GC invocations=71 (full 4):
 garbage-first heap   total 196608K, used 182966K [0x0000000740000000, 0x0000000800000000)
  region size 1024K, 60 young (61440K), 4 survivors (4096K)
 Metaspace       used 99365K, capacity 101859K, committed 102024K, reserved 1136640K
  class space    used 13974K, capacity 15133K, committed 15232K, reserved 1048576K
}
Event: 195.613 GC heap after
{Heap after GC invocations=72 (full 4):
 garbage-first heap   total 196608K, used 125692K [0x0000000740000000, 0x0000000800000000)
  region size 1024K, 4 young (4096K), 4 survivors (4096K)
 Metaspace       used 99365K, capacity 101859K, committed 102024K, reserved 1136640K
  class space    used 13974K, capacity 15133K, committed 15232K, reserved 1048576K
}
Event: 197.136 GC heap before
{Heap before GC invocations=73 (full 4):
 garbage-first heap   total 196608K, used 183036K [0x0000000740000000, 0x0000000800000000)
  region size 1024K, 60 young (61440K), 4 survivors (4096K)
 Metaspace       used 99499K, capacity 102051K, committed 102280K, reserved 1136640K
  class space    used 13988K, capacity 15133K, committed 15232K, reserved 1048576K
}
Event: 197.140 GC heap after
{Heap after GC invocations=74 (full 4):
 garbage-first heap   total 196608K, used 125381K [0x0000000740000000, 0x0000000800000000)
  region size 1024K, 4 young (4096K), 4 survivors (4096K)
 Metaspace       used 99499K, capacity 102051K, committed 102280K, reserved 1136640K
  class space    used 13988K, capacity 15133K, committed 15232K, reserved 1048576K
}
Event: 202.730 GC heap before
{Heap before GC invocations=74 (full 4):
 garbage-first heap   total 196608K, used 174533K [0x0000000740000000, 0x0000000800000000)
  region size 1024K, 53 young (54272K), 4 survivors (4096K)
 Metaspace       used 99595K, capacity 102119K, committed 102280K, reserved 1136640K
  class space    used 13988K, capacity 15133K, committed 15232K, reserved 1048576K
}
Event: 202.819 GC heap after
{Heap after GC invocations=75 (full 5):
 garbage-first heap   total 209920K, used 121097K [0x0000000740000000, 0x0000000800000000)
  region size 1024K, 0 young (0K), 0 survivors (0K)
 Metaspace       used 99595K, capacity 102119K, committed 102280K, reserved 1136640K
  class space    used 13988K, capacity 15133K, committed 15232K, reserved 1048576K
}

