# JRE version: Java(TM) SE Runtime Environment (9.0+11) (build 9.0.4+11)
# Java VM: Java HotSpot(TM) 64-Bit Server VM (9.0.4+11, mixed mode, tiered, compressed oops, g1 gc, windows-amd64)
Heap:
 garbage-first heap   total 436224K, used 159487K [0x0000000700000000, 0x0000000700100d50, 0x00000007c0000000)
  region size 1024K, 6 young (6144K), 1 survivors (1024K)
 Metaspace       used 95943K, capacity 103301K, committed 103552K, reserved 1138688K
  class space    used 13460K, capacity 14707K, committed 14720K, reserved 1048576K
GC Heap History (10 events):
Event: 2342.680 GC heap before
{Heap before GC invocations=524 (full 7):
 garbage-first heap   total 436224K, used 215044K [0x0000000700000000, 0x0000000700100d50, 0x00000007c0000000)
  region size 1024K, 60 young (61440K), 3 survivors (3072K)
 Metaspace       used 95919K, capacity 103237K, committed 103296K, reserved 1138688K
  class space    used 13460K, capacity 14707K, committed 14720K, reserved 1048576K
}
Event: 2342.682 GC heap after
{Heap after GC invocations=525 (full 7):
 garbage-first heap   total 436224K, used 155286K [0x0000000700000000, 0x0000000700100d50, 0x00000007c0000000)
  region size 1024K, 1 young (1024K), 1 survivors (1024K)
 Metaspace       used 95919K, capacity 103237K, committed 103296K, reserved 1138688K
  class space    used 13460K, capacity 14707K, committed 14720K, reserved 1048576K
}
Event: 2343.574 GC heap before
{Heap before GC invocations=525 (full 7):
 garbage-first heap   total 436224K, used 215702K [0x0000000700000000, 0x0000000700100d50, 0x00000007c0000000)
  region size 1024K, 60 young (61440K), 1 survivors (1024K)
 Metaspace       used 95921K, capacity 103237K, committed 103296K, reserved 1138688K
  class space    used 13460K, capacity 14707K, committed 14720K, reserved 1048576K
}
Event: 2343.576 GC heap after
{Heap after GC invocations=526 (full 7):
 garbage-first heap   total 436224K, used 155237K [0x0000000700000000, 0x0000000700100d50, 0x00000007c0000000)
  region size 1024K, 1 young (1024K), 1 survivors (1024K)
 Metaspace       used 95921K, capacity 103237K, committed 103296K, reserved 1138688K
  class space    used 13460K, capacity 14707K, committed 14720K, reserved 1048576K
}
Event: 2344.924 GC heap before
{Heap before GC invocations=526 (full 7):
 garbage-first heap   total 436224K, used 215653K [0x0000000700000000, 0x0000000700100d50, 0x00000007c0000000)
  region size 1024K, 60 young (61440K), 1 survivors (1024K)
 Metaspace       used 95921K, capacity 103237K, committed 103296K, reserved 1138688K
  class space    used 13460K, capacity 14707K, committed 14720K, reserved 1048576K
}
Event: 2344.927 GC heap after
{Heap after GC invocations=527 (full 7):
 garbage-first heap   total 436224K, used 155254K [0x0000000700000000, 0x0000000700100d50, 0x00000007c0000000)
  region size 1024K, 1 young (1024K), 1 survivors (1024K)
 Metaspace       used 95921K, capacity 103237K, committed 103296K, reserved 1138688K
  class space    used 13460K, capacity 14707K, committed 14720K, reserved 1048576K
}
Event: 2345.149 GC heap before
{Heap before GC invocations=527 (full 7):
 garbage-first heap   total 436224K, used 215670K [0x0000000700000000, 0x0000000700100d50, 0x00000007c0000000)
  region size 1024K, 60 young (61440K), 1 survivors (1024K)
 Metaspace       used 95934K, capacity 103237K, committed 103296K, reserved 1138688K
  class space    used 13460K, capacity 14707K, committed 14720K, reserved 1048576K
}
Event: 2345.151 GC heap after
{Heap after GC invocations=528 (full 7):
 garbage-first heap   total 436224K, used 155300K [0x0000000700000000, 0x0000000700100d50, 0x00000007c0000000)
  region size 1024K, 1 young (1024K), 1 survivors (1024K)
 Metaspace       used 95934K, capacity 103237K, committed 103296K, reserved 1138688K
  class space    used 13460K, capacity 14707K, committed 14720K, reserved 1048576K
}
Event: 2348.720 GC heap before
{Heap before GC invocations=528 (full 7):
 garbage-first heap   total 436224K, used 215716K [0x0000000700000000, 0x0000000700100d50, 0x00000007c0000000)
  region size 1024K, 60 young (61440K), 1 survivors (1024K)
 Metaspace       used 95943K, capacity 103301K, committed 103552K, reserved 1138688K
  class space    used 13460K, capacity 14707K, committed 14720K, reserved 1048576K
}
Event: 2348.723 GC heap after
{Heap after GC invocations=529 (full 7):
 garbage-first heap   total 436224K, used 155391K [0x0000000700000000, 0x0000000700100d50, 0x00000007c0000000)
  region size 1024K, 1 young (1024K), 1 survivors (1024K)
 Metaspace       used 95943K, capacity 103301K, committed 103552K, reserved 1138688K
  class space    used 13460K, capacity 14707K, committed 14720K, reserved 1048576K
}

